time="2020-12-29T16:01:32+08:00" level=warning msg="[Tel Alert system start....]" vpn=...info...
time="2020-12-29T16:05:23+08:00" level=warning msg="[Tel Alert system start....]" vpn=...info...
time="2020-12-29T16:05:26+08:00" level=warning msg="获取所有报警人!" vpn=...info...
time="2020-12-29T16:05:27+08:00" level=warning msg="获取所有报警模板!" vpn=...info...
time="2020-12-29T16:06:01+08:00" level=warning msg="报警模板时间更新!" vpn=...info...
time="2020-12-29T16:06:08+08:00" level=warning msg="获取所有报警模板!" vpn=...info...
time="2020-12-29T16:06:52+08:00" level=warning msg="[Tel Alert system start....]" vpn=...info...
time="2020-12-29T16:06:53+08:00" level=warning msg="获取所有报警人!" vpn=...info...
time="2020-12-29T16:06:54+08:00" level=warning msg="获取所有报警模板!" vpn=...info...
time="2020-12-29T16:06:58+08:00" level=warning msg="删除模板!id:" vpn=...info...
time="2020-12-29T16:07:13+08:00" level=warning msg="创建报警人成功!" vpn=...info...
time="2020-12-29T16:07:14+08:00" level=warning msg="获取所有报警人!" vpn=...info...
time="2020-12-29T16:07:19+08:00" level=warning msg="获取所有报警人!" vpn=...info...
time="2020-12-29T16:07:30+08:00" level=warning msg="获取所有报警人!" vpn=...info...
time="2020-12-29T16:07:32+08:00" level=warning msg="获取所有报警人!" vpn=...info...
time="2020-12-29T16:07:34+08:00" level=warning msg="获取所有报警人!" vpn=...info...
time="2020-12-29T16:07:48+08:00" level=warning msg="获取所有报警模板!" vpn=...info...
time="2020-12-29T16:12:05+08:00" level=warning msg="获取所有报警人!" vpn=...info...
time="2020-12-29T16:12:05+08:00" level=warning msg="获取所有报警模板!" vpn=...info...
time="2020-12-29T16:15:39+08:00" level=warning msg="[Tel Alert system start....]" vpn=...info...
time="2020-12-29T16:15:48+08:00" level=warning msg="获取所有报警人!" vpn=...info...
time="2020-12-29T16:15:48+08:00" level=warning msg="获取所有报警模板!" vpn=...info...
time="2020-12-30T10:28:55+08:00" level=warning msg="[Tel Alert system start....]" vpn=...info...
time="2020-12-30T10:29:10+08:00" level=warning msg="获取所有报警人!" vpn=...info...
time="2020-12-30T10:29:12+08:00" level=warning msg="获取所有报警模板!" vpn=...info...
time="2020-12-30T10:30:18+08:00" level=warning msg="获取所有报警人!" vpn=...info...
time="2020-12-30T10:30:18+08:00" level=warning msg="获取所有报警模板!" vpn=...info...
time="2020-12-30T10:30:20+08:00" level=warning msg="获取所有报警人!" vpn=...info...
time="2020-12-30T10:30:22+08:00" level=warning msg="获取所有报警人!" vpn=...info...
time="2020-12-30T10:30:33+08:00" level=warning msg="[维护状态停止....]" vpn=...info...
time="2020-12-30T10:30:59+08:00" level=warning msg="[维护状态停止....]" vpn=...info...
time="2020-12-30T10:31:10+08:00" level=warning msg="[维护状态停止....]" vpn=...info...
time="2020-12-30T11:00:46+08:00" level=warning msg="[Tel Alert system start....]" vpn=...info...
time="2020-12-30T11:24:49+08:00" level=warning msg="[Tel Alert system start....]" vpn=...info...
time="2020-12-30T11:25:24+08:00" level=warning msg="获取所有报警人!" vpn=...info...
time="2020-12-30T11:25:28+08:00" level=warning msg="获取所有报警模板!" vpn=...info...
time="2020-12-30T11:25:46+08:00" level=warning msg="[Tel Alert system start....]" vpn=...info...
time="2020-12-30T11:26:08+08:00" level=warning msg="获取所有报警人!" vpn=...info...
time="2020-12-30T11:26:09+08:00" level=warning msg="获取所有报警模板!" vpn=...info...
time="2020-12-30T11:26:14+08:00" level=warning msg="获取所有报警人!" vpn=...info...
time="2020-12-30T11:26:14+08:00" level=warning msg="获取所有报警模板!" vpn=...info...
time="2020-12-30T11:26:45+08:00" level=warning msg="[Tel Alert system start....]" vpn=...info...
time="2020-12-30T11:27:04+08:00" level=warning msg="获取所有报警人!" vpn=...info...
time="2020-12-30T11:27:05+08:00" level=warning msg="获取所有报警模板!" vpn=...info...
time="2020-12-30T11:27:18+08:00" level=warning msg="获取所有报警人!" vpn=...info...
time="2020-12-30T11:27:18+08:00" level=warning msg="获取所有报警模板!" vpn=...info...
time="2020-12-30T11:27:46+08:00" level=warning msg="报警模板时间更新!" vpn=...info...
time="2020-12-30T11:27:48+08:00" level=warning msg="报警模板时间更新!" vpn=...info...
time="2020-12-30T11:27:53+08:00" level=warning msg="获取所有报警人!" vpn=...info...
time="2020-12-30T11:53:32+08:00" level=warning msg="[[Tel Alert system start....]]" AlertTel=something
time="2020-12-30T11:53:49+08:00" level=warning msg="[获取所有报警人!]" AlertTel=something
time="2020-12-30T11:53:49+08:00" level=warning msg="[获取所有报警模板!]" AlertTel=something
time="2020-12-30T11:54:07+08:00" level=warning msg="[报警模板时间更新!]" AlertTel=something
time="2020-12-30T13:44:06+08:00" level=warning msg="[[Tel Alert system start....]]" AlertTel=something t=
time="2020-12-30T13:44:47+08:00" level=warning msg="[获取所有报警人!]" AlertTel=something t=
time="2020-12-30T13:44:48+08:00" level=warning msg="[获取所有报警模板!]" AlertTel=something t=
time="2020-12-30T13:54:42+08:00" level=warning msg="[[Tel Alert system start....]]" AlertTel=something t=
time="2020-12-30T14:21:16+08:00" level=warning msg="[[Tel Alert system start....]]" AlertTel=something t=
time="2020-12-30T14:21:25+08:00" level=warning msg="[获取所有报警人!]" AlertTel=something t=
time="2020-12-30T14:21:26+08:00" level=warning msg="[获取所有报警模板!]" AlertTel=something t=
time="2020-12-30T14:22:11+08:00" level=warning msg="[[Tel Alert system start....]]" AlertTel=something t=
time="2020-12-30T14:23:35+08:00" level=warning msg="[[Tel Alert system start....]]" AlertTel=something t=
time="2020-12-30T14:25:42+08:00" level=warning msg="[[Tel Alert system start....]]" AlertTel=something t=
time="2020-12-30T14:26:18+08:00" level=warning msg="[获取所有报警人!]" AlertTel=something t=
time="2020-12-30T14:26:19+08:00" level=warning msg="[获取所有报警模板!]" AlertTel=something t=
time="2020-12-30T15:09:35+08:00" level=warning msg="[[Tel Alert system start....]]" AlertTel=something t=
time="2020-12-30T15:09:44+08:00" level=warning msg="[获取所有报警人!]" AlertTel=something t=
time="2020-12-30T15:09:45+08:00" level=warning msg="[获取所有报警模板!]" AlertTel=something t=
time="2020-12-30T15:09:51+08:00" level=warning msg="[获取所有报警人!]" AlertTel=something t=
time="2020-12-30T15:09:56+08:00" level=warning msg="[获取所有报警模板!]" AlertTel=something t=
time="2020-12-30T15:09:57+08:00" level=warning msg="[获取所有报警人!]" AlertTel=something t=
time="2020-12-30T15:10:03+08:00" level=warning msg="[获取所有报警模板!]" AlertTel=something t=
time="2020-12-30T15:10:04+08:00" level=warning msg="[获取所有报警人!]" AlertTel=something t=
time="2020-12-30T16:56:30+08:00" level=warning msg="[[Tel Alert system start....]]" AlertTel=something t=
time="2020-12-30T16:56:36+08:00" level=warning msg="[获取所有报警模板!]" AlertTel=something t=
time="2020-12-30T16:56:44+08:00" level=warning msg="[获取所有报警模板!]" AlertTel=something t=
